---------------------------------------------------------------------
 A1 
---------------------------------------------------------------------
-- The C compiler identification is GNU 9.4.0
-- The CXX compiler identification is GNU 9.4.0
-- Check for working C compiler: /usr/bin/cc
-- Check for working C compiler: /usr/bin/cc -- works
-- Detecting C compiler ABI info
-- Detecting C compiler ABI info - done
-- Detecting C compile features
-- Detecting C compile features - done
-- Check for working CXX compiler: /usr/bin/c++
-- Check for working CXX compiler: /usr/bin/c++ -- works
-- Detecting CXX compiler ABI info
-- Detecting CXX compiler ABI info - done
-- Detecting CXX compile features
-- Detecting CXX compile features - done
-- Using CATKIN_DEVEL_PREFIX: /home/student/pfms_ws/devel
-- Using CMAKE_PREFIX_PATH: /home/student/pfms_ws/devel;/home/student/catkin_ws/devel;/opt/ros/noetic
-- This workspace overlays: /home/student/pfms_ws/devel;/home/student/catkin_ws/devel;/opt/ros/noetic
-- Found PythonInterp: /usr/bin/python3 (found suitable version "3.8.10", minimum required is "3") 
-- Using PYTHON_EXECUTABLE: /usr/bin/python3
-- Using Debian Python package layout
-- Found PY_em: /usr/lib/python3/dist-packages/em.py  
-- Using empy: /usr/lib/python3/dist-packages/em.py
-- Using CATKIN_ENABLE_TESTING: ON
-- Call enable_testing()
-- Using CATKIN_TEST_RESULTS_DIR: /home/student/pfms_ws/build/test_results
-- Forcing gtest/gmock from source, though one was otherwise available.
-- Found gtest sources under '/usr/src/googletest': gtests will be built
-- Found gmock sources under '/usr/src/googletest': gmock will be built
-- Found PythonInterp: /usr/bin/python3 (found version "3.8.10") 
-- Found Threads: TRUE  
-- Using Python nosetests: /usr/bin/nosetests3
-- catkin 0.8.10
-- BUILD_SHARED_LIBS is on
-- BUILD_SHARED_LIBS is on
-- ~~~~~~~~~~~~~~~~~~~~~~~~~~~~~~~~~~~~~~~~~~~~~~~~~
-- ~~  traversing 2 packages in topological order:
-- ~~  - quiz5_a1
-- ~~  - quiz5_a2
-- ~~~~~~~~~~~~~~~~~~~~~~~~~~~~~~~~~~~~~~~~~~~~~~~~~
-- +++ processing catkin package: 'quiz5_a1'
-- ==> add_subdirectory(quiz5/a1)
-- Using these message generators: gencpp;geneus;genlisp;gennodejs;genpy
--  CMake C++ FLAGS -std=c++11  -Wno-deprecated -Wdeprecated-declarations
--  catkin_LIBRARIES /opt/ros/noetic/lib/librosbag.so;/opt/ros/noetic/lib/librosbag_storage.so;/opt/ros/noetic/lib/libclass_loader.so;/usr/lib/x86_64-linux-gnu/libPocoFoundation.so;/usr/lib/x86_64-linux-gnu/libdl.so;/opt/ros/noetic/lib/libroslz4.so;/usr/lib/x86_64-linux-gnu/liblz4.so;/opt/ros/noetic/lib/libtopic_tools.so;/opt/ros/noetic/lib/libroscpp.so;/usr/lib/x86_64-linux-gnu/libpthread.so;/usr/lib/x86_64-linux-gnu/libboost_chrono.so.1.71.0;/opt/ros/noetic/lib/librosconsole.so;/opt/ros/noetic/lib/librosconsole_log4cxx.so;/opt/ros/noetic/lib/librosconsole_backend_interface.so;/usr/lib/x86_64-linux-gnu/liblog4cxx.so;/usr/lib/x86_64-linux-gnu/libboost_regex.so.1.71.0;/opt/ros/noetic/lib/libroscpp_serialization.so;/opt/ros/noetic/lib/libxmlrpcpp.so;/opt/ros/noetic/lib/librostime.so;/usr/lib/x86_64-linux-gnu/libboost_date_time.so.1.71.0;/opt/ros/noetic/lib/libcpp_common.so;/usr/lib/x86_64-linux-gnu/libboost_thread.so.1.71.0;/usr/lib/x86_64-linux-gnu/libconsole_bridge.so.0.4;/opt/ros/noetic/lib/libroslib.so;/opt/ros/noetic/lib/librospack.so;/usr/lib/x86_64-linux-gnu/libpython3.8.so;/usr/lib/x86_64-linux-gnu/libboost_filesystem.so.1.71.0;/usr/lib/x86_64-linux-gnu/libboost_program_options.so.1.71.0;/usr/lib/x86_64-linux-gnu/libboost_system.so.1.71.0;/usr/lib/x86_64-linux-gnu/libtinyxml2.so
-- MARKING_TESTS
-- +++ processing catkin package: 'quiz5_a2'
-- ==> add_subdirectory(quiz5/a2)
-- Using these message generators: gencpp;geneus;genlisp;gennodejs;genpy
--  CMake C++ FLAGS -std=c++11  -Wno-deprecated -Wdeprecated-declarations
--  catkin_LIBRARIES /opt/ros/noetic/lib/librosbag.so;/opt/ros/noetic/lib/librosbag_storage.so;/opt/ros/noetic/lib/libclass_loader.so;/usr/lib/x86_64-linux-gnu/libPocoFoundation.so;/usr/lib/x86_64-linux-gnu/libdl.so;/opt/ros/noetic/lib/libroslz4.so;/usr/lib/x86_64-linux-gnu/liblz4.so;/opt/ros/noetic/lib/libtopic_tools.so;/opt/ros/noetic/lib/libroscpp.so;/usr/lib/x86_64-linux-gnu/libpthread.so;/usr/lib/x86_64-linux-gnu/libboost_chrono.so.1.71.0;/opt/ros/noetic/lib/librosconsole.so;/opt/ros/noetic/lib/librosconsole_log4cxx.so;/opt/ros/noetic/lib/librosconsole_backend_interface.so;/usr/lib/x86_64-linux-gnu/liblog4cxx.so;/usr/lib/x86_64-linux-gnu/libboost_regex.so.1.71.0;/opt/ros/noetic/lib/libroscpp_serialization.so;/opt/ros/noetic/lib/libxmlrpcpp.so;/opt/ros/noetic/lib/librostime.so;/usr/lib/x86_64-linux-gnu/libboost_date_time.so.1.71.0;/opt/ros/noetic/lib/libcpp_common.so;/usr/lib/x86_64-linux-gnu/libboost_thread.so.1.71.0;/usr/lib/x86_64-linux-gnu/libconsole_bridge.so.0.4;/opt/ros/noetic/lib/libroslib.so;/opt/ros/noetic/lib/librospack.so;/usr/lib/x86_64-linux-gnu/libpython3.8.so;/usr/lib/x86_64-linux-gnu/libboost_filesystem.so.1.71.0;/usr/lib/x86_64-linux-gnu/libboost_program_options.so.1.71.0;/usr/lib/x86_64-linux-gnu/libboost_system.so.1.71.0;/usr/lib/x86_64-linux-gnu/libtinyxml2.so
-- MARKING_TESTS
-- Configuring done
-- Generating done
-- Build files have been written to: /home/student/pfms_ws/build
Scanning dependencies of target quiz5_a2_rangeprocessing
Scanning dependencies of target gtest
[  7%] Building CXX object quiz5/a2/CMakeFiles/quiz5_a2_rangeprocessing.dir/src/rangeprocessing.cpp.o
[ 14%] Building CXX object gtest/googletest/CMakeFiles/gtest.dir/src/gtest-all.cc.o
Scanning dependencies of target quiz5_a1_laserprocessing
[ 21%] Building CXX object quiz5/a1/CMakeFiles/quiz5_a1_laserprocessing.dir/src/laserprocessing.cpp.o
[ 28%] Linking CXX shared library /home/student/pfms_ws/devel/lib/libquiz5_a2_rangeprocessing.so
[ 28%] Built target quiz5_a2_rangeprocessing
[ 35%] Linking CXX shared library /home/student/pfms_ws/devel/lib/libquiz5_a1_laserprocessing.so
[ 35%] Built target quiz5_a1_laserprocessing
[ 42%] Linking CXX shared library ../lib/libgtest.so
[ 42%] Built target gtest
Scanning dependencies of target quiz5_a2_marking
Scanning dependencies of target quiz5_a2_test
[ 50%] Building CXX object quiz5/a2/CMakeFiles/quiz5_a2_marking.dir/marking/utest.cpp.o
[ 57%] Building CXX object quiz5/a2/CMakeFiles/quiz5_a2_test.dir/test/utest.cpp.o
Scanning dependencies of target quiz5_a1_test
Scanning dependencies of target quiz5_a1_marking
[ 64%] Building CXX object quiz5/a1/CMakeFiles/quiz5_a1_test.dir/test/utest.cpp.o
[ 71%] Building CXX object quiz5/a1/CMakeFiles/quiz5_a1_marking.dir/marking/utest.cpp.o
[ 78%] Linking CXX executable /home/student/pfms_ws/devel/lib/quiz5_a2/quiz5_a2_test
[ 85%] Linking CXX executable /home/student/pfms_ws/devel/lib/quiz5_a2/quiz5_a2_marking
[ 85%] Built target quiz5_a2_test
[ 85%] Built target quiz5_a2_marking
[ 92%] Linking CXX executable /home/student/pfms_ws/devel/lib/quiz5_a1/quiz5_a1_test
[100%] Linking CXX executable /home/student/pfms_ws/devel/lib/quiz5_a1/quiz5_a1_marking
[100%] Built target quiz5_a1_test
[100%] Built target quiz5_a1_marking
Scanning dependencies of target tests
[100%] Built target tests
[ 33%] Built target gtest
[ 66%] Built target quiz5_a1_laserprocessing
[100%] Built target quiz5_a1_marking
Base path: /home/student/pfms_ws
Source space: /home/student/pfms_ws/src
Build space: /home/student/pfms_ws/build
Devel space: /home/student/pfms_ws/devel
Install space: /home/student/pfms_ws/install
####
#### Running command: "cmake /home/student/pfms_ws/src -DCATKIN_DEVEL_PREFIX=/home/student/pfms_ws/devel -DCMAKE_INSTALL_PREFIX=/home/student/pfms_ws/install -G Unix Makefiles" in "/home/student/pfms_ws/build"
####
####
#### Running command: "make tests quiz5_a1_marking -j8 -l8" in "/home/student/pfms_ws/build"
####
---------------------------------------------------------------------
Executing marking test part A1
---------------------------------------------------------------------
[==========] Running 4 tests from 1 test suite.
[----------] Global test environment set-up.
[----------] 4 tests from LaserProcessing
[ RUN      ] LaserProcessing.CountReturns
[       OK ] LaserProcessing.CountReturns (25 ms)
[ RUN      ] LaserProcessing.CountSegments
[0m[ INFO] [1653629562.779997806]: SEGMENT COUNT: 7[0m
[       OK ] LaserProcessing.CountSegments (3 ms)
[ RUN      ] LaserProcessing.DetectClosestCone
[       OK ] LaserProcessing.DetectClosestCone (1 ms)
[ RUN      ] LaserProcessing.DetectRoadCentre
/home/student/pfms_ws/src/quiz5/a1/marking/utest.cpp:252: Failure
The difference between pt.x and 2.1 is 0.5507814817682557, which exceeds 0.1, where
pt.x evaluates to 2.6507814817682558,
2.1 evaluates to 2.1000000000000001, and
0.1 evaluates to 0.10000000000000001.
/home/student/pfms_ws/src/quiz5/a1/marking/utest.cpp:253: Failure
The difference between pt.y and 0.241 is 1.2845548829596605, which exceeds 0.1, where
pt.y evaluates to 1.5255548829596604,
0.241 evaluates to 0.24099999999999999, and
0.1 evaluates to 0.10000000000000001.
[  FAILED  ] LaserProcessing.DetectRoadCentre (2 ms)
[----------] 4 tests from LaserProcessing (31 ms total)

[----------] Global test environment tear-down
[==========] 4 tests from 1 test suite ran. (32 ms total)
[  PASSED  ] 3 tests.
[  FAILED  ] 1 test, listed below:
[  FAILED  ] LaserProcessing.DetectRoadCentre

 1 FAILED TEST
---------------------------------------------------------------------
---------------------------------------------------------------------
 A2 
---------------------------------------------------------------------
[ 28%] Built target quiz5_a2_rangeprocessing
[ 28%] Built target gtest
[ 42%] Built target quiz5_a1_laserprocessing
Scanning dependencies of target quiz5_a2_test
Scanning dependencies of target quiz5_a2_marking
[ 57%] Building CXX object quiz5/a2/CMakeFiles/quiz5_a2_marking.dir/marking/utest.cpp.o
[ 57%] Building CXX object quiz5/a2/CMakeFiles/quiz5_a2_test.dir/test/utest.cpp.o
[ 85%] Built target quiz5_a1_marking
[ 85%] Built target quiz5_a1_test
[ 92%] Linking CXX executable /home/student/pfms_ws/devel/lib/quiz5_a2/quiz5_a2_test
[100%] Linking CXX executable /home/student/pfms_ws/devel/lib/quiz5_a2/quiz5_a2_marking
[100%] Built target quiz5_a2_test
[100%] Built target quiz5_a2_marking
[100%] Built target tests
[ 66%] Built target quiz5_a2_rangeprocessing
[ 66%] Built target gtest
[100%] Built target quiz5_a2_marking
Base path: /home/student/pfms_ws
Source space: /home/student/pfms_ws/src
Build space: /home/student/pfms_ws/build
Devel space: /home/student/pfms_ws/devel
Install space: /home/student/pfms_ws/install
####
#### Running command: "make cmake_check_build_system" in "/home/student/pfms_ws/build"
####
####
#### Running command: "make tests quiz5_a2_marking -j8 -l8" in "/home/student/pfms_ws/build"
####
---------------------------------------------------------------------
Executing marking tests part A2
---------------------------------------------------------------------
[==========] Running 2 tests from 1 test suite.
[----------] Global test environment set-up.
[----------] 2 tests from RangeProcessing
[ RUN      ] RangeProcessing.DetectHeightOfObject
[       OK ] RangeProcessing.DetectHeightOfObject (24 ms)
[ RUN      ] RangeProcessing.DetectPerson
min_range: 0.2 max_range: 3
 Range: 0.450865
Pose x:5.00999 y:6.30092z: 2.30981
[       OK ] RangeProcessing.DetectPerson (2 ms)
[----------] 2 tests from RangeProcessing (27 ms total)

[----------] Global test environment tear-down
[==========] 2 tests from 1 test suite ran. (27 ms total)
[  PASSED  ] 2 tests.
---------------------------------------------------------------------
